<?xml version="1.0" encoding="UTF-8"?>
<!-- Generated by org.testng.reporters.JUnitReportReporter -->
<testsuite hostname="MAA-5CG0263H4C" failures="0" tests="3" name="TestNg.dataReceiveFromExcell" time="0.014" errors="0" timestamp="2023-01-05T17:54:39 IST" skipped="0">
  <testcase classname="TestNg.dataReceiveFromExcell" name="Final" time="0.002"/>
  <system-out/>
  <testcase classname="TestNg.dataReceiveFromExcell" name="Final" time="0.010"/>
  <system-out/>
  <testcase classname="TestNg.dataReceiveFromExcell" name="Final" time="0.002"/>
  <system-out/>
</testsuite> <!-- TestNg.dataReceiveFromExcell -->
