<?xml version="1.0" encoding="UTF-8"?>
<!-- Generated by org.testng.reporters.JUnitReportReporter -->
<testsuite hostname="MAA-5CG0263H4C" failures="0" tests="1" name="TestNg.Annotation2" time="0.002" errors="0" timestamp="2022-12-24T21:53:48 IST" skipped="0">
  <testcase classname="TestNg.Annotation2" name="ano2" time="0.002"/>
  <system-out/>
</testsuite> <!-- TestNg.Annotation2 -->
