<?xml version="1.0" encoding="UTF-8"?>
<!-- Generated by org.testng.reporters.JUnitReportReporter -->
<testsuite hostname="MAA-5CG0263H4C" failures="0" tests="1" name="TestNg.f4" time="9.029" errors="0" timestamp="2022-12-24T16:56:55 IST" skipped="0">
  <testcase classname="TestNg.f4" name="f4" time="9.029"/>
  <system-out/>
</testsuite> <!-- TestNg.f4 -->
