<?xml version="1.0" encoding="UTF-8"?>
<!-- Generated by org.testng.reporters.JUnitReportReporter -->
<testsuite hostname="MAA-5CG0263H4C" failures="0" tests="1" name="TestNg.Parameter" time="28.541" errors="0" timestamp="2022-12-28T12:26:52 IST" skipped="0">
  <testcase classname="TestNg.Parameter" name="loginparameter" time="28.541"/>
  <system-out/>
</testsuite> <!-- TestNg.Parameter -->
