<?xml version="1.0" encoding="UTF-8"?>
<!-- Generated by org.testng.reporters.JUnitReportReporter -->
<testsuite hostname="MAA-5CG0263H4C" failures="0" tests="1" name="HeadlessBrowser.headless" time="21.191" errors="0" timestamp="2023-02-13T20:10:18 IST" skipped="0">
  <testcase classname="HeadlessBrowser.headless" name="run" time="21.191"/>
  <system-out/>
</testsuite> <!-- HeadlessBrowser.headless -->
