<?xml version="1.0" encoding="UTF-8"?>
<!-- Generated by org.testng.reporters.JUnitReportReporter -->
<testsuite hostname="MAA-5CG0263H4C" failures="0" tests="3" name="TestNg.threadPoolSize" time="11.521" errors="0" timestamp="2022-12-24T12:30:41 IST" skipped="0">
  <testcase classname="TestNg.threadPoolSize" name="google" time="3.387"/>
  <system-out/>
  <testcase classname="TestNg.threadPoolSize" name="google" time="3.710"/>
  <system-out/>
  <testcase classname="TestNg.threadPoolSize" name="google" time="4.424"/>
  <system-out/>
</testsuite> <!-- TestNg.threadPoolSize -->
