<?xml version="1.0" encoding="UTF-8"?>
<!-- Generated by org.testng.reporters.JUnitReportReporter -->
<testsuite hostname="MAA-5CG0263H4C" failures="0" tests="1" name="TestNg.instagram" time="9.551" errors="0" timestamp="2022-12-24T17:19:32 IST" skipped="0">
  <testcase classname="TestNg.instagram" name="instagram" time="9.551"/>
  <system-out/>
</testsuite> <!-- TestNg.instagram -->
