<?xml version="1.0" encoding="UTF-8"?>
<!-- Generated by org.testng.reporters.JUnitReportReporter -->
<testsuite hostname="MAA-5CG0263H4C" failures="0" tests="1" name="seleniumDemo.sample2" time="0.018" errors="0" timestamp="2023-03-02T21:09:29 IST" skipped="0">
  <testcase classname="seleniumDemo.sample2" name="run" time="0.018"/>
  <system-out/>
</testsuite> <!-- seleniumDemo.sample2 -->
