<?xml version="1.0" encoding="UTF-8"?>
<!-- Generated by org.testng.reporters.JUnitReportReporter -->
<testsuite hostname="MAA-5CG0263H4C" failures="0" tests="2" name="TestNg.fb" time="10.653" errors="0" timestamp="2022-12-24T17:35:48 IST" skipped="0">
  <testcase classname="TestNg.fb" name="fb1" time="5.363"/>
  <system-out/>
  <testcase classname="TestNg.fb" name="fb" time="5.290"/>
  <system-out/>
</testsuite> <!-- TestNg.fb -->
