<?xml version="1.0" encoding="UTF-8"?>
<!-- Generated by org.testng.reporters.JUnitReportReporter -->
<testsuite hostname="MAA-5CG0263H4C" failures="0" tests="1" name="PageFactory.test" time="10.388" errors="0" timestamp="2023-02-10T14:41:15 IST" skipped="0">
  <testcase classname="PageFactory.test" name="pageFactory" time="10.388"/>
  <system-out/>
</testsuite> <!-- PageFactory.test -->
