<?xml version="1.0" encoding="UTF-8"?>
<!-- Generated by org.testng.reporters.JUnitReportReporter -->
<testsuite hostname="MAA-5CG0263H4C" failures="0" tests="1" name="TestNg.f3" time="8.591" errors="0" timestamp="2022-12-24T16:56:55 IST" skipped="0">
  <testcase classname="TestNg.f3" name="f3" time="8.591"/>
  <system-out/>
</testsuite> <!-- TestNg.f3 -->
