<?xml version="1.0" encoding="UTF-8"?>
<!-- Generated by org.testng.reporters.JUnitReportReporter -->
<testsuite hostname="MAA-5CG0263H4C" failures="0" tests="1" name="TestNg.expectedException" time="0.002" errors="0" timestamp="2022-12-24T12:30:41 IST" skipped="0">
  <testcase classname="TestNg.expectedException" name="exception" time="0.002"/>
  <system-out/>
</testsuite> <!-- TestNg.expectedException -->
