<?xml version="1.0" encoding="UTF-8"?>
<!-- Generated by org.testng.reporters.JUnitReportReporter -->
<testsuite hostname="MAA-5CG0263H4C" failures="0" tests="3" name="TestNg.Priority" time="0.007" errors="0" timestamp="2022-12-24T12:30:41 IST" skipped="0">
  <testcase classname="TestNg.Priority" name="addToCart" time="0.002"/>
  <system-out/>
  <testcase classname="TestNg.Priority" name="open" time="0.002"/>
  <system-out/>
  <testcase classname="TestNg.Priority" name="searchProduct" time="0.003"/>
  <system-out/>
</testsuite> <!-- TestNg.Priority -->
