<?xml version="1.0" encoding="UTF-8"?>
<!-- Generated by org.testng.reporters.JUnitReportReporter -->
<testsuite hostname="MAA-5CG0263H4C" failures="0" tests="1" name="PageFactory.pageFactory2" time="11.001" errors="0" timestamp="2023-02-10T14:58:05 IST" skipped="0">
  <testcase classname="PageFactory.pageFactory2" name="google" time="11.001"/>
  <system-out/>
</testsuite> <!-- PageFactory.pageFactory2 -->
