<?xml version="1.0" encoding="UTF-8"?>
<!-- Generated by org.testng.reporters.JUnitReportReporter -->
<testsuite hostname="MAA-5CG0263H4C" failures="0" tests="1" name="page_Object_Module.Login" time="10.689" errors="0" timestamp="2023-01-08T14:30:10 IST" skipped="0">
  <testcase classname="page_Object_Module.Login" name="login" time="10.689"/>
  <system-out/>
</testsuite> <!-- page_Object_Module.Login -->
