<?xml version="1.0" encoding="UTF-8"?>
<!-- Generated by org.testng.reporters.JUnitReportReporter -->
<testsuite hostname="MAA-5CG0263H4C" failures="0" tests="1" name="page_Test.LoginSet1" time="27.114" errors="0" timestamp="2023-01-28T19:06:14 IST" skipped="0">
  <testcase classname="page_Test.LoginSet1" name="login" time="27.114"/>
  <system-out/>
</testsuite> <!-- page_Test.LoginSet1 -->
