<?xml version="1.0" encoding="UTF-8"?>
<!-- Generated by org.testng.reporters.JUnitReportReporter -->
<testsuite hostname="MAA-5CG0263H4C" failures="0" tests="2" name="TestNg.Annotations1" time="0.010" errors="0" timestamp="2022-12-24T21:53:48 IST" skipped="0">
  <testcase classname="TestNg.Annotations1" name="test1" time="0.008"/>
  <system-out/>
  <testcase classname="TestNg.Annotations1" name="test2" time="0.002"/>
  <system-out/>
</testsuite> <!-- TestNg.Annotations1 -->
