<?xml version="1.0" encoding="UTF-8"?>
<!-- Generated by org.testng.reporters.JUnitReportReporter -->
<testsuite hostname="MAA-5CG0263H4C" failures="0" tests="1" name="page_Test.HDFCSearch" time="19.850" errors="0" timestamp="2023-01-09T20:04:28 IST" skipped="0">
  <testcase classname="page_Test.HDFCSearch" name="test" time="19.850"/>
  <system-out/>
</testsuite> <!-- page_Test.HDFCSearch -->
