<?xml version="1.0" encoding="UTF-8"?>
<!-- Generated by org.testng.reporters.JUnitReportReporter -->
<testsuite hostname="MAA-5CG0263H4C" failures="0" tests="1" name="PropertiesFile.RunProperty" time="7.822" errors="0" timestamp="2023-02-02T21:18:58 IST" skipped="0">
  <testcase classname="PropertiesFile.RunProperty" name="login" time="7.822"/>
  <system-out/>
</testsuite> <!-- PropertiesFile.RunProperty -->
