<?xml version="1.0" encoding="UTF-8"?>
<!-- Generated by org.testng.reporters.JUnitReportReporter -->
<testsuite hostname="MAA-5CG0263H4C" failures="0" tests="1" name="TestNg.group1" time="0.012" errors="0" timestamp="2022-12-28T18:08:59 IST" skipped="0">
  <testcase classname="TestNg.group1" name="delete" time="0.012"/>
  <system-out/>
</testsuite> <!-- TestNg.group1 -->
