<?xml version="1.0" encoding="UTF-8"?>
<!-- Generated by org.testng.reporters.JUnitReportReporter -->
<testsuite hostname="MAA-5CG0263H4C" failures="0" tests="2" name="TestNg.group" time="0.002" errors="0" timestamp="2022-12-28T18:08:59 IST" skipped="0">
  <testcase classname="TestNg.group" name="delete" time="0.001"/>
  <system-out/>
  <testcase classname="TestNg.group" name="signup" time="0.001"/>
  <system-out/>
</testsuite> <!-- TestNg.group -->
