<?xml version="1.0" encoding="UTF-8"?>
<!-- Generated by org.testng.reporters.JUnitReportReporter -->
<testsuite hostname="MAA-5CG0263H4C" failures="0" tests="7" name="page_Test.SignInSet2" time="55.308" errors="0" timestamp="2023-01-08T18:52:42 IST" skipped="0">
  <testcase classname="page_Test.SignInSet2" name="verify" time="7.775"/>
  <system-out/>
  <testcase classname="page_Test.SignInSet2" name="signUpTest" time="7.575"/>
  <system-out/>
  <testcase classname="page_Test.SignInSet2" name="signUpTest" time="6.045"/>
  <system-out/>
  <testcase classname="page_Test.SignInSet2" name="signUpTest" time="7.934"/>
  <system-out/>
  <testcase classname="page_Test.SignInSet2" name="SigInVerification" time="10.436"/>
  <system-out/>
  <testcase classname="page_Test.SignInSet2" name="SigInVerification" time="9.585"/>
  <system-out/>
  <testcase classname="page_Test.SignInSet2" name="SigInVerification" time="5.958"/>
  <system-out/>
</testsuite> <!-- page_Test.SignInSet2 -->
