<?xml version="1.0" encoding="UTF-8"?>
<!-- Generated by org.testng.reporters.JUnitReportReporter -->
<testsuite hostname="MAA-5CG0263H4C" failures="0" tests="1" name="TestNg.whatup" time="13.991" errors="0" timestamp="2022-12-28T20:47:08 IST" skipped="0">
  <testcase classname="TestNg.whatup" name="whatup" time="13.991"/>
  <system-out/>
</testsuite> <!-- TestNg.whatup -->
