<?xml version="1.0" encoding="UTF-8"?>
<!-- Generated by org.testng.reporters.JUnitReportReporter -->
<testsuite hostname="MAA-5CG0263H4C" failures="0" tests="3" name="TestNg.google" time="19.749" errors="0" timestamp="2022-12-24T19:02:31 IST" skipped="0">
  <testcase classname="TestNg.google" name="google" time="12.909"/>
  <system-out/>
  <testcase classname="TestNg.google" name="google2" time="3.092"/>
  <system-out/>
  <testcase classname="TestNg.google" name="google1" time="3.748"/>
  <system-out/>
</testsuite> <!-- TestNg.google -->
