<?xml version="1.0" encoding="UTF-8"?>
<!-- Generated by org.testng.reporters.JUnitReportReporter -->
<testsuite hostname="MAA-5CG0263H4C" failures="0" tests="1" name="seleniumDemo.Day31ScrollThePage" time="10.906" errors="0" timestamp="2023-02-20T20:20:57 IST" skipped="0">
  <testcase classname="seleniumDemo.Day31ScrollThePage" name="main" time="10.906"/>
  <system-out/>
</testsuite> <!-- seleniumDemo.Day31ScrollThePage -->
