<?xml version="1.0" encoding="UTF-8"?>
<!-- Generated by org.testng.reporters.JUnitReportReporter -->
<testsuite hostname="MAA-5CG0263H4C" failures="0" tests="2" name="TestNg.CookieManagement" time="10.095" errors="0" timestamp="2022-12-24T13:58:44 IST" skipped="0">
  <testcase classname="TestNg.CookieManagement" name="main" time="6.079"/>
  <system-out/>
  <testcase classname="TestNg.CookieManagement" name="main" time="4.016"/>
  <system-out/>
</testsuite> <!-- TestNg.CookieManagement -->
